<?xml version="1.0" encoding="UTF-8"?>
<testsuite xmlns:xsi="http://www.w3.org/2001/XMLSchema-instance" xsi:noNamespaceSchemaLocation="https://maven.apache.org/surefire/maven-surefire-plugin/xsd/surefire-test-report-3.0.xsd" version="3.0" name="com.studely.gameoflife.GridTest" time="0.106" tests="10" errors="0" skipped="0" failures="0">
  <properties>
[...]
</properties>
  <testcase name="testInvalidPatternConstructor" classname="com.studely.gameoflife.GridTest" time="0.049"/>
  <testcase name="testNeighborCounting" classname="com.studely.gameoflife.GridTest" time="0.011">
    <system-out><![CDATA[Cell (1,1) neighbors: 1
Cell (1,2) neighbors: 2
Cell (1,3) neighbors: 1
]]></system-out>
  </testcase>
  <testcase name="testGridEquality" classname="com.studely.gameoflife.GridTest" time="0.004"/>
  <testcase name="testStillLifePattern" classname="com.studely.gameoflife.GridTest" time="0.001"/>
  <testcase name="testDefaultPattern" classname="com.studely.gameoflife.GridTest" time="0.002"/>
  <testcase name="testBlinkerPattern" classname="com.studely.gameoflife.GridTest" time="0.001"/>
  <testcase name="testCellSetting" classname="com.studely.gameoflife.GridTest" time="0"/>
  <testcase name="testCustomPatternConstructor" classname="com.studely.gameoflife.GridTest" time="0.001"/>
  <testcase name="testBoundaryConditions" classname="com.studely.gameoflife.GridTest" time="0.002"/>
  <testcase name="testGridSize" classname="com.studely.gameoflife.GridTest" time="0"/>
</testsuite>